INFO: [VRFC 10-2263] Analyzing Verilog file "C:/Users/VasanthSadhasivan/CalPoly/CPE333/OTTER/OTTER_RISC_V_ARCH/otter/otter.sim/sim_1/impl/timing/xsim/SIM_time_impl.v" into library xil_defaultlib
INFO: [VRFC 10-311] analyzing module RAM32M_UNIQ_BASE_
INFO: [VRFC 10-311] analyzing module RAM32M_HD34
INFO: [VRFC 10-311] analyzing module RAM32M_HD35
INFO: [VRFC 10-311] analyzing module RAM32M_HD36
INFO: [VRFC 10-311] analyzing module RAM32M_HD37
INFO: [VRFC 10-311] analyzing module RAM32M_HD38
INFO: [VRFC 10-311] analyzing module RAM32M_HD39
INFO: [VRFC 10-311] analyzing module RAM32M_HD40
INFO: [VRFC 10-311] analyzing module RAM32M_HD41
INFO: [VRFC 10-311] analyzing module RAM32M_HD42
INFO: [VRFC 10-311] analyzing module RAM32M_HD43
INFO: [VRFC 10-311] analyzing module RAM32M_HD44
INFO: [VRFC 10-311] analyzing module CathodeDriver
INFO: [VRFC 10-311] analyzing module Mult2to1
INFO: [VRFC 10-311] analyzing module Mult4to1
INFO: [VRFC 10-311] analyzing module Mult4to1_0
INFO: [VRFC 10-311] analyzing module Mult4to1_1
INFO: [VRFC 10-311] analyzing module OTTER_MCU
INFO: [VRFC 10-311] analyzing module OTTER_Wrapper_Programmable
INFO: [VRFC 10-311] analyzing module OTTER_mem_byte
INFO: [VRFC 10-311] analyzing module OTTER_registerFile
INFO: [VRFC 10-311] analyzing module ProgCount
INFO: [VRFC 10-311] analyzing module SevSegDisp
INFO: [VRFC 10-311] analyzing module debounce_one_shot
INFO: [VRFC 10-311] analyzing module programmer
INFO: [VRFC 10-311] analyzing module uart_rx
INFO: [VRFC 10-311] analyzing module uart_rx_word
INFO: [VRFC 10-311] analyzing module uart_tx
INFO: [VRFC 10-311] analyzing module uart_tx_word
INFO: [VRFC 10-311] analyzing module glbl
INFO: [VRFC 10-2263] Analyzing SystemVerilog file "C:/Users/VasanthSadhasivan/CalPoly/CPE333/OTTER/OTTER_RISC_V_ARCH/otter/otter.srcs/sim_1/new/SIM.sv" into library xil_defaultlib
INFO: [VRFC 10-311] analyzing module SIM
